<?xml version="1.0" encoding="UTF-8"?>
<!-- Generated by org.testng.reporters.JUnitReportReporter -->
<testsuite hostname="DESKTOP-KO6OCH7" failures="0" tests="1" name="workingwithTestNg.AnnotationPracticeActitime" time="40.394" errors="0" timestamp="2023-05-25T13:09:57 IST" skipped="0">
  <testcase classname="workingwithTestNg.AnnotationPracticeActitime" name="addcustomer" time="40.394"/>
  <system-out>
Customer search completed: Exited method  </system-out>
</testsuite> <!-- workingwithTestNg.AnnotationPracticeActitime -->
