<?xml version="1.0" encoding="UTF-8"?>
<!-- Generated by org.testng.reporters.JUnitReportReporter -->
<testsuite hostname="DESKTOP-KO6OCH7" failures="0" tests="1" name="lipstic.Test_Lakme_02" time="17.482" errors="0" timestamp="2023-05-12T14:04:44 IST" skipped="0">
  <testcase classname="lipstic.Test_Lakme_02" name="lakmeLipstic" time="17.482"/>
  <system-out/>
</testsuite> <!-- lipstic.Test_Lakme_02 -->
