<?xml version="1.0" encoding="UTF-8"?>
<!-- Generated by org.testng.reporters.JUnitReportReporter -->
<testsuite hostname="DESKTOP-KO6OCH7" failures="0" tests="4" name="workingwithTestNg.DataProviderStringInExcelClass" time="87.659" errors="0" timestamp="2023-05-23T13:14:55 IST" skipped="0">
  <testcase classname="workingwithTestNg.DataProviderStringInExcelClass" name="testBrowser" time="40.314"/>
  <system-out/>
  <testcase classname="workingwithTestNg.DataProviderStringInExcelClass" name="testBrowser" time="13.093"/>
  <system-out/>
  <testcase classname="workingwithTestNg.DataProviderStringInExcelClass" name="testBrowser" time="16.527"/>
  <system-out/>
  <testcase classname="workingwithTestNg.DataProviderStringInExcelClass" name="testBrowser" time="17.725"/>
  <system-out/>
</testsuite> <!-- workingwithTestNg.DataProviderStringInExcelClass -->
