<?xml version="1.0" encoding="UTF-8"?>
<!-- Generated by org.testng.reporters.JUnitReportReporter -->
<testsuite hostname="DESKTOP-KO6OCH7" failures="0" tests="1" name="hairProduct.Test_WowHairCare_03" time="12.160" errors="0" timestamp="2023-05-13T08:37:03 IST" skipped="0">
  <testcase classname="hairProduct.Test_WowHairCare_03" name="wowhair" time="12.160"/>
  <system-out/>
</testsuite> <!-- hairProduct.Test_WowHairCare_03 -->
