<?xml version="1.0" encoding="UTF-8"?>
<!-- Generated by org.testng.reporters.JUnitReportReporter -->
<testsuite hostname="DESKTOP-KO6OCH7" failures="0" tests="2" name="workingwithTestNg.DataProviderExcelLoginPage" time="85.404" errors="0" timestamp="2023-07-01T19:55:23 IST" skipped="0">
  <testcase classname="workingwithTestNg.DataProviderExcelLoginPage" name="setdata" time="54.438"/>
  <system-out/>
  <testcase classname="workingwithTestNg.DataProviderExcelLoginPage" name="setdata" time="30.966"/>
  <system-out/>
</testsuite> <!-- workingwithTestNg.DataProviderExcelLoginPage -->
