<?xml version="1.0" encoding="UTF-8"?>
<!-- Generated by org.testng.reporters.JUnitReportReporter -->
<testsuite hostname="DESKTOP-KO6OCH7" failures="0" tests="4" name="ToUnderstandDataUsingScript" time="103.712" errors="0" timestamp="2023-05-21T21:25:05 IST" skipped="0">
  <testcase classname="ToUnderstandDataUsingScript" name="launchappBrowser" time="46.145"/>
  <system-out/>
  <testcase classname="ToUnderstandDataUsingScript" name="launchappBrowser" time="27.283"/>
  <system-out/>
  <testcase classname="ToUnderstandDataUsingScript" name="launchappBrowser" time="14.136"/>
  <system-out/>
  <testcase classname="ToUnderstandDataUsingScript" name="launchappBrowser" time="16.148"/>
  <system-out/>
</testsuite> <!-- ToUnderstandDataUsingScript -->
