<?xml version="1.0" encoding="UTF-8"?>
<!-- Generated by org.testng.reporters.JUnitReportReporter -->
<testsuite hostname="DESKTOP-KO6OCH7" failures="0" tests="1" name="hairProduct.Test_Loreal_02" time="55.573" errors="0" timestamp="2023-05-13T08:24:35 IST" skipped="0">
  <testcase classname="hairProduct.Test_Loreal_02" name="lorealhair" time="55.573"/>
  <system-out/>
</testsuite> <!-- hairProduct.Test_Loreal_02 -->
