<?xml version="1.0" encoding="UTF-8"?>
<!-- Generated by org.testng.reporters.JUnitReportReporter -->
<testsuite hostname="DESKTOP-KO6OCH7" failures="0" tests="4" name="workingwithTestNg.DataProviderStringInSameClassReadusingMethod" time="96.734" errors="0" timestamp="2023-05-23T14:12:28 IST" skipped="0">
  <testcase classname="workingwithTestNg.DataProviderStringInSameClassReadusingMethod" name="testBrowser" time="42.898"/>
  <system-out/>
  <testcase classname="workingwithTestNg.DataProviderStringInSameClassReadusingMethod" name="testBrowser" time="13.107"/>
  <system-out/>
  <testcase classname="workingwithTestNg.DataProviderStringInSameClassReadusingMethod" name="testBrowser" time="17.425"/>
  <system-out/>
  <testcase classname="workingwithTestNg.DataProviderStringInSameClassReadusingMethod" name="testBrowser" time="23.304"/>
  <system-out/>
</testsuite> <!-- workingwithTestNg.DataProviderStringInSameClassReadusingMethod -->
