<?xml version="1.0" encoding="UTF-8"?>
<!-- Generated by org.testng.reporters.JUnitReportReporter -->
<testsuite hostname="DESKTOP-KO6OCH7" failures="0" tests="1" name="lipstic.Test_LoveChild_03" time="41.133" errors="0" timestamp="2023-05-13T08:24:35 IST" skipped="0">
  <testcase classname="lipstic.Test_LoveChild_03" name="lovechildLipstic" time="41.133"/>
  <system-out/>
</testsuite> <!-- lipstic.Test_LoveChild_03 -->
