<?xml version="1.0" encoding="UTF-8"?>
<!-- Generated by org.testng.reporters.JUnitReportReporter -->
<testsuite hostname="DESKTOP-KO6OCH7" failures="0" tests="4" name="doubt" time="184.701" errors="0" timestamp="2023-05-23T16:41:00 IST" skipped="0">
  <testcase classname="doubt" name="actitimeLogin" time="11.642"/>
  <system-out/>
  <testcase classname="doubt" name="actitimeLogin" time="13.200"/>
  <system-out/>
  <testcase classname="doubt" name="actitimeLogin" time="129.459"/>
  <system-out/>
  <testcase classname="doubt" name="actitimeLogin" time="30.400"/>
  <system-out/>
</testsuite> <!-- doubt -->
