<?xml version="1.0" encoding="UTF-8"?>
<!-- Generated by org.testng.reporters.JUnitReportReporter -->
<testsuite hostname="DESKTOP-KO6OCH7" failures="0" tests="5" name="workingwithTestNg.TestNgSecondProgram$TestNgFirstProgram" time="218.826" errors="0" timestamp="2023-05-11T21:01:40 IST" skipped="0">
  <testcase classname="workingwithTestNg.TestNgSecondProgram$TestNgFirstProgram" name="insta" time="48.849"/>
  <system-out/>
  <testcase classname="workingwithTestNg.TestNgSecondProgram$TestNgFirstProgram" name="gmail" time="62.739"/>
  <system-out/>
  <testcase classname="workingwithTestNg.TestNgSecondProgram$TestNgFirstProgram" name="fb" time="47.298"/>
  <system-out/>
  <testcase classname="workingwithTestNg.TestNgSecondProgram$TestNgFirstProgram" name="makeMyTrip" time="29.452"/>
  <system-out/>
  <testcase classname="workingwithTestNg.TestNgSecondProgram$TestNgFirstProgram" name="irctc" time="30.488"/>
  <system-out/>
</testsuite> <!-- workingwithTestNg.TestNgSecondProgram$TestNgFirstProgram -->
