<?xml version="1.0" encoding="UTF-8"?>
<!-- Generated by org.testng.reporters.JUnitReportReporter -->
<testsuite hostname="DESKTOP-KO6OCH7" failures="0" tests="1" name="workingwithTestNg.SugarParameter" time="36.982" errors="0" timestamp="2023-05-23T12:45:18 IST" skipped="0">
  <testcase classname="workingwithTestNg.SugarParameter" name="lipstickTest" time="36.982"/>
  <system-out>
It has been Clicked  </system-out>
</testsuite> <!-- workingwithTestNg.SugarParameter -->
