<?xml version="1.0" encoding="UTF-8"?>
<!-- Generated by org.testng.reporters.JUnitReportReporter -->
<testsuite hostname="DESKTOP-KO6OCH7" failures="0" tests="5" name="workingwithTestNg.TestNgSecondProgram" time="230.569" errors="0" timestamp="2023-07-02T17:08:44 IST" skipped="0">
  <testcase classname="workingwithTestNg.TestNgSecondProgram" name="insta" time="79.134"/>
  <system-out/>
  <testcase classname="workingwithTestNg.TestNgSecondProgram" name="gmail" time="51.382"/>
  <system-out/>
  <testcase classname="workingwithTestNg.TestNgSecondProgram" name="makeMyTrip" time="15.065"/>
  <system-out/>
  <testcase classname="workingwithTestNg.TestNgSecondProgram" name="fb" time="27.975"/>
  <system-out/>
  <testcase classname="workingwithTestNg.TestNgSecondProgram" name="irctc" time="57.013"/>
  <system-out/>
</testsuite> <!-- workingwithTestNg.TestNgSecondProgram -->
