<?xml version="1.0" encoding="UTF-8"?>
<!-- Generated by org.testng.reporters.JUnitReportReporter -->
<testsuite hostname="DESKTOP-KO6OCH7" failures="0" tests="2" name="workingwithTestNg.ToUnderstandBrowserTesting" time="103.442" errors="0" timestamp="2023-05-21T21:09:27 IST" skipped="0">
  <testcase classname="workingwithTestNg.ToUnderstandBrowserTesting" name="testBrowser" time="24.690"/>
  <system-out/>
  <testcase classname="workingwithTestNg.ToUnderstandBrowserTesting" name="testBrowser" time="78.752"/>
  <system-out/>
</testsuite> <!-- workingwithTestNg.ToUnderstandBrowserTesting -->
