<?xml version="1.0" encoding="UTF-8"?>
<!-- Generated by org.testng.reporters.JUnitReportReporter -->
<testsuite hostname="DESKTOP-KO6OCH7" failures="0" tests="1" name="hairProduct.Test_pantene_04" time="14.557" errors="0" timestamp="2023-05-13T08:38:27 IST" skipped="0">
  <testcase classname="hairProduct.Test_pantene_04" name="pantenehair" time="14.557"/>
  <system-out/>
</testsuite> <!-- hairProduct.Test_pantene_04 -->
